#-----------------------------------------------------------
# Vivado v2018.2 (64-bit)
# SW Build 2258646 on Thu Jun 14 20:03:12 MDT 2018
# IP Build 2256618 on Thu Jun 14 22:10:49 MDT 2018
# Start of session at: Sat Jun 27 17:45:26 2026
# Process ID: 9716
# Current directory: C:/Users/WEST/project_9
# Command line: vivado.exe -gui_launcher_event rodinguilauncherevent25824 C:\Users\WEST\project_9\project_9.xpr
# Log file: C:/Users/WEST/project_9/vivado.log
# Journal file: C:/Users/WEST/project_9\vivado.jou
#-----------------------------------------------------------
start_gui
open_project C:/Users/WEST/project_9/project_9.xpr
Scanning sources...
Finished scanning sources
INFO: [IP_Flow 19-234] Refreshing IP repositories
INFO: [IP_Flow 19-1704] No user IP repositories specified
INFO: [IP_Flow 19-2313] Loaded Vivado IP repository 'F:/Vivado/2018.2/data/ip'.
INFO: [Common 17-41] Interrupt caught. Command should exit soon.
INFO: [Common 17-344] 'open_project' was cancelled
exit
INFO: [Common 17-206] Exitexit
INFO: [Common 17-206] Exiting Vivado at Sat Jun 27 17:46:38 2026...
